<?xml version="1.0" encoding="UTF-8"?>
<!-- Generated by org.testng.reporters.JUnitReportReporter -->
<testsuite hostname="vk-HP-ProBook-640-G2" failures="0" tests="2" name="storeprocedure.sanityCheck" time="0.176" errors="0" timestamp="2023-12-08T14:07:31 IST" skipped="0">
  <testcase classname="storeprocedure.sanityCheck" name="checkStoredProcedureStatus" time="0.064"/>
  <system-out/>
  <testcase classname="storeprocedure.sanityCheck" name="sanityCheckforElectricity" time="0.112"/>
  <system-out/>
</testsuite> <!-- storeprocedure.sanityCheck -->
